<?xml version="1.0" encoding="UTF-8"?>
<!-- Generated by org.testng.reporters.JUnitReportReporter -->
<testsuite hostname="Dev-QAServer" failures="0" tests="1" name="com.prd.run.DailyOrdersMonitoring" time="3.017" errors="0" timestamp="31 Jul 2024 13:40:29 GMT" skipped="0">
  <testcase classname="com.prd.run.DailyOrdersMonitoring" name="CheckStoreStatus" time="3.017"/>
</testsuite> <!-- com.prd.run.DailyOrdersMonitoring -->
